-------------------------------------------------------------------------------
Test set: com.yhj.his.module.finance.service.OutpatientBillingServiceTest$RefundTests
-------------------------------------------------------------------------------
Tests run: 6, Failures: 0, Errors: 1, Skipped: 0, Time elapsed: 0.108 s <<< FAILURE! -- in com.yhj.his.module.finance.service.OutpatientBillingServiceTest$RefundTests
com.yhj.his.module.finance.service.OutpatientBillingServiceTest$RefundTests.shouldSkipAlreadyRefundedItemsDuringPartialRefund -- Time elapsed: 0.040 s <<< ERROR!
org.mockito.exceptions.misusing.UnnecessaryStubbingException: 

Unnecessary stubbings detected.
Clean & maintainable test code requires zero unnecessary code.
Following stubbings are unnecessary (click to navigate to relevant line of code):
  1. -> at com.yhj.his.module.finance.service.OutpatientBillingServiceTest$RefundTests.shouldSkipAlreadyRefundedItemsDuringPartialRefund(OutpatientBillingServiceTest.java:394)
Please remove unnecessary stubbings or use 'lenient' strictness. More info: javadoc for UnnecessaryStubbingException class.
	at org.mockito.junit.jupiter.MockitoExtension.afterEach(MockitoExtension.java:192)
	at java.base/java.util.ArrayList.forEach(ArrayList.java:1596)
	at java.base/java.util.ArrayList.forEach(ArrayList.java:1596)
	at java.base/java.util.ArrayList.forEach(ArrayList.java:1596)

