-------------------------------------------------------------------------------
Test set: com.yhj.his.module.finance.service.InvoiceServiceTest$ElectronicInvoiceTests
-------------------------------------------------------------------------------
Tests run: 3, Failures: 3, Errors: 0, Skipped: 0, Time elapsed: 0.033 s <<< FAILURE! -- in com.yhj.his.module.finance.service.InvoiceServiceTest$ElectronicInvoiceTests
com.yhj.his.module.finance.service.InvoiceServiceTest$ElectronicInvoiceTests.shouldGenerateElectronicInvoiceSuccessfully -- Time elapsed: 0.003 s <<< FAILURE!
org.opentest4j.AssertionFailedError: expected: java.lang.String@674aa626<ELECTRONIC> but was: com.yhj.his.module.finance.entity.Invoice$InvoiceType@4dd1d2bb<ELECTRONIC>
	at org.junit.jupiter.api.AssertionFailureBuilder.build(AssertionFailureBuilder.java:151)
	at org.junit.jupiter.api.AssertionFailureBuilder.buildAndThrow(AssertionFailureBuilder.java:132)
	at org.junit.jupiter.api.AssertEquals.failNotEqual(AssertEquals.java:197)
	at org.junit.jupiter.api.AssertEquals.assertEquals(AssertEquals.java:182)
	at org.junit.jupiter.api.AssertEquals.assertEquals(AssertEquals.java:177)
	at org.junit.jupiter.api.Assertions.assertEquals(Assertions.java:1145)
	at com.yhj.his.module.finance.service.InvoiceServiceTest$ElectronicInvoiceTests.shouldGenerateElectronicInvoiceSuccessfully(InvoiceServiceTest.java:626)
	at java.base/java.lang.reflect.Method.invoke(Method.java:580)
	at java.base/java.util.ArrayList.forEach(ArrayList.java:1596)
	at java.base/java.util.ArrayList.forEach(ArrayList.java:1596)
	at java.base/java.util.ArrayList.forEach(ArrayList.java:1596)

com.yhj.his.module.finance.service.InvoiceServiceTest$ElectronicInvoiceTests.shouldGenerateElectronicInvoiceForInpatient -- Time elapsed: 0.003 s <<< FAILURE!
org.opentest4j.AssertionFailedError: expected: java.lang.String@674aa626<ELECTRONIC> but was: com.yhj.his.module.finance.entity.Invoice$InvoiceType@4dd1d2bb<ELECTRONIC>
	at org.junit.jupiter.api.AssertionFailureBuilder.build(AssertionFailureBuilder.java:151)
	at org.junit.jupiter.api.AssertionFailureBuilder.buildAndThrow(AssertionFailureBuilder.java:132)
	at org.junit.jupiter.api.AssertEquals.failNotEqual(AssertEquals.java:197)
	at org.junit.jupiter.api.AssertEquals.assertEquals(AssertEquals.java:182)
	at org.junit.jupiter.api.AssertEquals.assertEquals(AssertEquals.java:177)
	at org.junit.jupiter.api.Assertions.assertEquals(Assertions.java:1145)
	at com.yhj.his.module.finance.service.InvoiceServiceTest$ElectronicInvoiceTests.shouldGenerateElectronicInvoiceForInpatient(InvoiceServiceTest.java:650)
	at java.base/java.lang.reflect.Method.invoke(Method.java:580)
	at java.base/java.util.ArrayList.forEach(ArrayList.java:1596)
	at java.base/java.util.ArrayList.forEach(ArrayList.java:1596)
	at java.base/java.util.ArrayList.forEach(ArrayList.java:1596)

com.yhj.his.module.finance.service.InvoiceServiceTest$ElectronicInvoiceTests.shouldUseSystemOperatorForElectronicInvoice -- Time elapsed: 0.003 s <<< FAILURE!
org.mockito.exceptions.verification.TooManyActualInvocations: 

invoiceRepository.save(
    <any com.yhj.his.module.finance.entity.Invoice>
);
Wanted 1 time:
-> at com.yhj.his.module.finance.service.InvoiceServiceTest$ElectronicInvoiceTests.shouldUseSystemOperatorForElectronicInvoice(InvoiceServiceTest.java:671)
But was 2 times:
-> at com.yhj.his.module.finance.service.impl.InvoiceServiceImpl.createInvoice(InvoiceServiceImpl.java:89)
-> at com.yhj.his.module.finance.service.impl.InvoiceServiceImpl.generateElectronicInvoice(InvoiceServiceImpl.java:214)


	at com.yhj.his.module.finance.service.InvoiceServiceTest$ElectronicInvoiceTests.shouldUseSystemOperatorForElectronicInvoice(InvoiceServiceTest.java:671)
	at java.base/java.lang.reflect.Method.invoke(Method.java:580)
	at java.base/java.util.ArrayList.forEach(ArrayList.java:1596)
	at java.base/java.util.ArrayList.forEach(ArrayList.java:1596)
	at java.base/java.util.ArrayList.forEach(ArrayList.java:1596)

