-------------------------------------------------------------------------------
Test set: com.yhj.his.module.finance.service.InsurancePolicyServiceTest$InsuranceSettlementCalculationTests
-------------------------------------------------------------------------------
Tests run: 5, Failures: 1, Errors: 0, Skipped: 0, Time elapsed: 0.033 s <<< FAILURE! -- in com.yhj.his.module.finance.service.InsurancePolicyServiceTest$InsuranceSettlementCalculationTests
com.yhj.his.module.finance.service.InsurancePolicyServiceTest$InsuranceSettlementCalculationTests.shouldHandleNullRatiosInSettlement -- Time elapsed: 0.003 s <<< FAILURE!
org.opentest4j.AssertionFailedError: expected: <0> but was: <0.00>
	at org.junit.jupiter.api.AssertionFailureBuilder.build(AssertionFailureBuilder.java:151)
	at org.junit.jupiter.api.AssertionFailureBuilder.buildAndThrow(AssertionFailureBuilder.java:132)
	at org.junit.jupiter.api.AssertEquals.failNotEqual(AssertEquals.java:197)
	at org.junit.jupiter.api.AssertEquals.assertEquals(AssertEquals.java:182)
	at org.junit.jupiter.api.AssertEquals.assertEquals(AssertEquals.java:177)
	at org.junit.jupiter.api.Assertions.assertEquals(Assertions.java:1145)
	at com.yhj.his.module.finance.service.InsurancePolicyServiceTest$InsuranceSettlementCalculationTests.shouldHandleNullRatiosInSettlement(InsurancePolicyServiceTest.java:694)
	at java.base/java.lang.reflect.Method.invoke(Method.java:580)
	at java.base/java.util.ArrayList.forEach(ArrayList.java:1596)
	at java.base/java.util.ArrayList.forEach(ArrayList.java:1596)
	at java.base/java.util.ArrayList.forEach(ArrayList.java:1596)

