-------------------------------------------------------------------------------
Test set: com.yhj.his.module.lis.service.TestRequestServiceTest$CreateTestRequestTests
-------------------------------------------------------------------------------
Tests run: 4, Failures: 0, Errors: 3, Skipped: 0, Time elapsed: 0.034 s <<< FAILURE! -- in com.yhj.his.module.lis.service.TestRequestServiceTest$CreateTestRequestTests
com.yhj.his.module.lis.service.TestRequestServiceTest$CreateTestRequestTests.createMultiItemRequest -- Time elapsed: 0.003 s <<< ERROR!
java.lang.NullPointerException: Cannot invoke "com.yhj.his.module.lis.enums.VisitType.name()" because the return value of "com.yhj.his.module.lis.entity.TestRequest.getVisitType()" is null
	at com.yhj.his.module.lis.service.impl.TestRequestServiceImpl.toVO(TestRequestServiceImpl.java:242)
	at com.yhj.his.module.lis.service.impl.TestRequestServiceImpl.create(TestRequestServiceImpl.java:99)
	at com.yhj.his.module.lis.service.TestRequestServiceTest$CreateTestRequestTests.createMultiItemRequest(TestRequestServiceTest.java:246)
	at java.base/java.lang.reflect.Method.invoke(Method.java:580)
	at java.base/java.util.ArrayList.forEach(ArrayList.java:1596)
	at java.base/java.util.ArrayList.forEach(ArrayList.java:1596)
	at java.base/java.util.ArrayList.forEach(ArrayList.java:1596)

com.yhj.his.module.lis.service.TestRequestServiceTest$CreateTestRequestTests.createEmergencyRequest -- Time elapsed: 0.002 s <<< ERROR!
java.lang.NullPointerException: Cannot invoke "com.yhj.his.module.lis.enums.VisitType.name()" because the return value of "com.yhj.his.module.lis.entity.TestRequest.getVisitType()" is null
	at com.yhj.his.module.lis.service.impl.TestRequestServiceImpl.toVO(TestRequestServiceImpl.java:242)
	at com.yhj.his.module.lis.service.impl.TestRequestServiceImpl.create(TestRequestServiceImpl.java:99)
	at com.yhj.his.module.lis.service.TestRequestServiceTest$CreateTestRequestTests.createEmergencyRequest(TestRequestServiceTest.java:193)
	at java.base/java.lang.reflect.Method.invoke(Method.java:580)
	at java.base/java.util.ArrayList.forEach(ArrayList.java:1596)
	at java.base/java.util.ArrayList.forEach(ArrayList.java:1596)
	at java.base/java.util.ArrayList.forEach(ArrayList.java:1596)

com.yhj.his.module.lis.service.TestRequestServiceTest$CreateTestRequestTests.createSuccessfully -- Time elapsed: 0.006 s <<< ERROR!
org.mockito.exceptions.misusing.UnnecessaryStubbingException: 

Unnecessary stubbings detected.
Clean & maintainable test code requires zero unnecessary code.
Following stubbings are unnecessary (click to navigate to relevant line of code):
  1. -> at com.yhj.his.module.lis.service.TestRequestServiceTest$CreateTestRequestTests.createSuccessfully(TestRequestServiceTest.java:153)
Please remove unnecessary stubbings or use 'lenient' strictness. More info: javadoc for UnnecessaryStubbingException class.
	at org.mockito.junit.jupiter.MockitoExtension.afterEach(MockitoExtension.java:192)
	at java.base/java.util.ArrayList.forEach(ArrayList.java:1596)
	at java.base/java.util.ArrayList.forEach(ArrayList.java:1596)
	at java.base/java.util.ArrayList.forEach(ArrayList.java:1596)

