-------------------------------------------------------------------------------
Test set: com.yhj.his.module.lis.service.TestRequestServiceTest$QueryTestRequestTests
-------------------------------------------------------------------------------
Tests run: 8, Failures: 0, Errors: 1, Skipped: 0, Time elapsed: 0.067 s <<< FAILURE! -- in com.yhj.his.module.lis.service.TestRequestServiceTest$QueryTestRequestTests
com.yhj.his.module.lis.service.TestRequestServiceTest$QueryTestRequestTests.listEmergencyRequests -- Time elapsed: 0.002 s <<< ERROR!
java.lang.NullPointerException: Cannot invoke "com.yhj.his.module.lis.enums.VisitType.name()" because the return value of "com.yhj.his.module.lis.entity.TestRequest.getVisitType()" is null
	at com.yhj.his.module.lis.service.impl.TestRequestServiceImpl.toVO(TestRequestServiceImpl.java:242)
	at com.yhj.his.module.lis.service.impl.TestRequestServiceImpl.lambda$listEmergencyRequests$8(TestRequestServiceImpl.java:186)
	at java.base/java.util.stream.ReferencePipeline$3$1.accept(ReferencePipeline.java:197)
	at java.base/java.util.Spliterators$ArraySpliterator.forEachRemaining(Spliterators.java:1024)
	at java.base/java.util.stream.AbstractPipeline.copyInto(AbstractPipeline.java:509)
	at java.base/java.util.stream.AbstractPipeline.wrapAndCopyInto(AbstractPipeline.java:499)
	at java.base/java.util.stream.ReduceOps$ReduceOp.evaluateSequential(ReduceOps.java:921)
	at java.base/java.util.stream.AbstractPipeline.evaluate(AbstractPipeline.java:234)
	at java.base/java.util.stream.ReferencePipeline.collect(ReferencePipeline.java:682)
	at com.yhj.his.module.lis.service.impl.TestRequestServiceImpl.listEmergencyRequests(TestRequestServiceImpl.java:188)
	at com.yhj.his.module.lis.service.TestRequestServiceTest$QueryTestRequestTests.listEmergencyRequests(TestRequestServiceTest.java:423)
	at java.base/java.lang.reflect.Method.invoke(Method.java:580)
	at java.base/java.util.ArrayList.forEach(ArrayList.java:1596)
	at java.base/java.util.ArrayList.forEach(ArrayList.java:1596)
	at java.base/java.util.ArrayList.forEach(ArrayList.java:1596)

